<?xml version="1.0" encoding="UTF-8"?>
<testng-results ignored="0" total="1" passed="1" failed="0" skipped="0">
  <reporter-output>
  </reporter-output>
  <suite started-at="2019-08-30T18:05:52Z" name="Default suite" finished-at="2019-08-30T18:06:14Z" duration-ms="22335">
    <groups>
    </groups>
    <test started-at="2019-08-30T18:05:52Z" name="Default test" finished-at="2019-08-30T18:06:14Z" duration-ms="22335">
      <class name="testprojekat.TestCollection1">
        <test-method is-config="true" signature="setup()[pri:0, instance:testprojekat.TestCollection1@2aece37d]" started-at="2019-08-30T18:05:52Z" name="setup" finished-at="2019-08-30T18:06:02Z" duration-ms="9913" status="PASS">
          <reporter-output>
          </reporter-output>
        </test-method> <!-- setup -->
        <test-method signature="TopCollections1()[pri:0, instance:testprojekat.TestCollection1@2aece37d]" started-at="2019-08-30T18:06:02Z" name="TopCollections1" finished-at="2019-08-30T18:06:14Z" duration-ms="12385" status="PASS">
          <reporter-output>
          </reporter-output>
        </test-method> <!-- TopCollections1 -->
      </class> <!-- testprojekat.TestCollection1 -->
    </test> <!-- Default test -->
  </suite> <!-- Default suite -->
</testng-results>
